Arguments: 
  C:\Program Files\nodejs\node.exe C:\Users\lenovo\AppData\Roaming\npm\node_modules\yarn\bin\yarn.js add webpack-deep-scope-plugin

PATH: 
  D:\旅梦\Git\mingw64\bin;D:\旅梦\Git\usr\bin;C:\Users\lenovo\bin;C:\ProgramData\Oracle\Java\javapath;C:\WINDOWS\system32;C:\WINDOWS;C:\WINDOWS\System32\Wbem;C:\WINDOWS\System32\WindowsPowerShell\v1.0;D:\Program Files\Microsoft SQL Server\Client SDK\ODBC\130\Tools\Binn;D:\Program Files (x86)\Microsoft SQL Server\140\Tools\Binn;D:\Program Files\Microsoft SQL Server\140\Tools\Binn;D:\Program Files\Microsoft SQL Server\140\DTS\Binn;D:\Program Files (x86)\Microsoft SQL Server\Client SDK\ODBC\130\Tools\Binn;D:\Program Files (x86)\Microsoft SQL Server\140\DTS\Binn;D:\Program Files (x86)\Microsoft SQL Server\140\Tools\Binn\ManagementStudio;C:\WINDOWS\System32\OpenSSH;.;D:\旅梦\Git\旅梦\Git\cmd;旅梦app;D;D:\旅梦\Git\cmd;D:\旅梦\Git\cmd;E:\mysql\mysql-5.6.27-winx64\bin;C:\Program Files\nodejs;C:\Users\lenovo\AppData\Roaming\npm;D:\coding\Microsoft VS Code\bin

Yarn version: 
  1.16.0

Node version: 
  10.15.2

Platform: 
  win32 x64

Trace: 
  Error: ENOENT: no such file or directory, copyfile 'C:\Users\lenovo\AppData\Local\Yarn\Cache\v4\npm-inherits-2.0.1-b17d08d326b4423e568eff719f91b0b1cbdf69f1\node_modules\inherits\inherits_browser.js' -> 'd:\coding\DevelopClass\webpack\spa-webpack\node_modules\assert\node_modules\inherits\inherits_browser.js'

npm manifest: 
  {
    "name": "spa-webpack",
    "version": "1.0.0",
    "description": "- rollup：tree shaking 没用到的代码 不会被打包\r - parcel：零配置\r - webpack 4.0",
    "main": "index.js",
    "scripts": {
      "dev": "webpack --mode development",
      "prod": "webpack --mode production"
    },
    "keywords": [],
    "author": "",
    "license": "ISC",
    "devDependencies": {
      "webpack": "^4.35.2",
      "webpack-cli": "^3.3.5"
    },
    "dependencies": {
      "lodash-es": "^4.17.11"
    }
  }

yarn manifest: 
  No manifest

Lockfile: 
  No lockfile
